# JRE version: OpenJDK Runtime Environment (8.0_242-b01) (build 1.8.0_242-release-1644-b01)
# Java VM: OpenJDK 64-Bit Server VM (25.242-b01 mixed mode windows-amd64 compressed oops)
Heap:
 PSYoungGen      total 187904K, used 187600K [0x00000000d5580000, 0x00000000e2680000, 0x0000000100000000)
  eden space 175104K, 100% used [0x00000000d5580000,0x00000000e0080000,0x00000000e0080000)
  from space 12800K, 97% used [0x00000000e1a00000,0x00000000e26342e0,0x00000000e2680000)
  to   space 14336K, 71% used [0x00000000e0a80000,0x00000000e148d2f0,0x00000000e1880000)
 ParOldGen       total 73728K, used 26271K [0x0000000080000000, 0x0000000084800000, 0x00000000d5580000)
  object space 73728K, 35% used [0x0000000080000000,0x00000000819a7f58,0x0000000084800000)
 Metaspace       used 55276K, capacity 57660K, committed 57944K, reserved 1099776K
  class space    used 7313K, capacity 7799K, committed 7808K, reserved 1048576K
GC Heap History (10 events):
Event: 3.258 GC heap after
Heap after GC invocations=8 (full 1):
 PSYoungGen      total 76288K, used 0K [0x00000000d5580000, 0x00000000dea80000, 0x0000000100000000)
  eden space 65536K, 0% used [0x00000000d5580000,0x00000000d5580000,0x00000000d9580000)
  from space 10752K, 0% used [0x00000000d9580000,0x00000000d9580000,0x00000000da000000)
  to   space 10752K, 0% used [0x00000000de000000,0x00000000de000000,0x00000000dea80000)
 ParOldGen       total 47616K, used 6707K [0x0000000080000000, 0x0000000082e80000, 0x00000000d5580000)
  object space 47616K, 14% used [0x0000000080000000,0x000000008068cce8,0x0000000082e80000)
 Metaspace       used 20475K, capacity 21156K, committed 21248K, reserved 1067008K
  class space    used 2857K, capacity 3036K, committed 3072K, reserved 1048576K
}
Event: 3.967 GC heap before
{Heap before GC invocations=9 (full 1):
 PSYoungGen      total 76288K, used 65536K [0x00000000d5580000, 0x00000000dea80000, 0x0000000100000000)
  eden space 65536K, 100% used [0x00000000d5580000,0x00000000d9580000,0x00000000d9580000)
  from space 10752K, 0% used [0x00000000d9580000,0x00000000d9580000,0x00000000da000000)
  to   space 10752K, 0% used [0x00000000de000000,0x00000000de000000,0x00000000dea80000)
 ParOldGen       total 47616K, used 6707K [0x0000000080000000, 0x0000000082e80000, 0x00000000d5580000)
  object space 47616K, 14% used [0x0000000080000000,0x000000008068cce8,0x0000000082e80000)
 Metaspace       used 24612K, capacity 25622K, committed 25856K, reserved 1071104K
  class space    used 3521K, capacity 3801K, committed 3840K, reserved 1048576K
Event: 3.975 GC heap after
Heap after GC invocations=9 (full 1):
 PSYoungGen      total 130048K, used 6029K [0x00000000d5580000, 0x00000000de600000, 0x0000000100000000)
  eden space 123904K, 0% used [0x00000000d5580000,0x00000000d5580000,0x00000000dce80000)
  from space 6144K, 98% used [0x00000000de000000,0x00000000de5e3708,0x00000000de600000)
  to   space 10240K, 0% used [0x00000000dd200000,0x00000000dd200000,0x00000000ddc00000)
 ParOldGen       total 47616K, used 6715K [0x0000000080000000, 0x0000000082e80000, 0x00000000d5580000)
  object space 47616K, 14% used [0x0000000080000000,0x000000008068ece8,0x0000000082e80000)
 Metaspace       used 24612K, capacity 25622K, committed 25856K, reserved 1071104K
  class space    used 3521K, capacity 3801K, committed 3840K, reserved 1048576K
}
Event: 5.129 GC heap before
{Heap before GC invocations=10 (full 1):
 PSYoungGen      total 130048K, used 109028K [0x00000000d5580000, 0x00000000de600000, 0x0000000100000000)
  eden space 123904K, 83% used [0x00000000d5580000,0x00000000dba15b60,0x00000000dce80000)
  from space 6144K, 98% used [0x00000000de000000,0x00000000de5e3708,0x00000000de600000)
  to   space 10240K, 0% used [0x00000000dd200000,0x00000000dd200000,0x00000000ddc00000)
 ParOldGen       total 47616K, used 6715K [0x0000000080000000, 0x0000000082e80000, 0x00000000d5580000)
  object space 47616K, 14% used [0x0000000080000000,0x000000008068ece8,0x0000000082e80000)
 Metaspace       used 34017K, capacity 35340K, committed 35416K, reserved 1079296K
  class space    used 4608K, capacity 4977K, committed 4992K, reserved 1048576K
Event: 5.144 GC heap after
Heap after GC invocations=10 (full 1):
 PSYoungGen      total 137728K, used 10221K [0x00000000d5580000, 0x00000000e2680000, 0x0000000100000000)
  eden space 127488K, 0% used [0x00000000d5580000,0x00000000d5580000,0x00000000dd200000)
  from space 10240K, 99% used [0x00000000dd200000,0x00000000ddbfb720,0x00000000ddc00000)
  to   space 12800K, 0% used [0x00000000e1a00000,0x00000000e1a00000,0x00000000e2680000)
 ParOldGen       total 47616K, used 10201K [0x0000000080000000, 0x0000000082e80000, 0x00000000d5580000)
  object space 47616K, 21% used [0x0000000080000000,0x00000000809f6440,0x0000000082e80000)
 Metaspace       used 34017K, capacity 35340K, committed 35416K, reserved 1079296K
  class space    used 4608K, capacity 4977K, committed 4992K, reserved 1048576K
}
Event: 5.144 GC heap before
{Heap before GC invocations=11 (full 2):
 PSYoungGen      total 137728K, used 10221K [0x00000000d5580000, 0x00000000e2680000, 0x0000000100000000)
  eden space 127488K, 0% used [0x00000000d5580000,0x00000000d5580000,0x00000000dd200000)
  from space 10240K, 99% used [0x00000000dd200000,0x00000000ddbfb720,0x00000000ddc00000)
  to   space 12800K, 0% used [0x00000000e1a00000,0x00000000e1a00000,0x00000000e2680000)
 ParOldGen       total 47616K, used 10201K [0x0000000080000000, 0x0000000082e80000, 0x00000000d5580000)
  object space 47616K, 21% used [0x0000000080000000,0x00000000809f6440,0x0000000082e80000)
 Metaspace       used 34017K, capacity 35340K, committed 35416K, reserved 1079296K
  class space    used 4608K, capacity 4977K, committed 4992K, reserved 1048576K
Event: 5.246 GC heap after
Heap after GC invocations=11 (full 2):
 PSYoungGen      total 137728K, used 0K [0x00000000d5580000, 0x00000000e2680000, 0x0000000100000000)
  eden space 127488K, 0% used [0x00000000d5580000,0x00000000d5580000,0x00000000dd200000)
  from space 10240K, 0% used [0x00000000dd200000,0x00000000dd200000,0x00000000ddc00000)
  to   space 12800K, 0% used [0x00000000e1a00000,0x00000000e1a00000,0x00000000e2680000)
 ParOldGen       total 73728K, used 19845K [0x0000000080000000, 0x0000000084800000, 0x00000000d5580000)
  object space 73728K, 26% used [0x0000000080000000,0x0000000081361708,0x0000000084800000)
 Metaspace       used 34017K, capacity 35340K, committed 35416K, reserved 1079296K
  class space    used 4608K, capacity 4977K, committed 4992K, reserved 1048576K
}
Event: 6.765 GC heap before
{Heap before GC invocations=12 (full 2):
 PSYoungGen      total 137728K, used 127488K [0x00000000d5580000, 0x00000000e2680000, 0x0000000100000000)
  eden space 127488K, 100% used [0x00000000d5580000,0x00000000dd200000,0x00000000dd200000)
  from space 10240K, 0% used [0x00000000dd200000,0x00000000dd200000,0x00000000ddc00000)
  to   space 12800K, 0% used [0x00000000e1a00000,0x00000000e1a00000,0x00000000e2680000)
 ParOldGen       total 73728K, used 19845K [0x0000000080000000, 0x0000000084800000, 0x00000000d5580000)
  object space 73728K, 26% used [0x0000000080000000,0x0000000081361708,0x0000000084800000)
 Metaspace       used 40980K, capacity 42970K, committed 43096K, reserved 1087488K
  class space    used 5569K, capacity 5983K, committed 6016K, reserved 1048576K
Event: 6.780 GC heap after
Heap after GC invocations=12 (full 2):
 PSYoungGen      total 187904K, used 12496K [0x00000000d5580000, 0x00000000e2680000, 0x0000000100000000)
  eden space 175104K, 0% used [0x00000000d5580000,0x00000000d5580000,0x00000000e0080000)
  from space 12800K, 97% used [0x00000000e1a00000,0x00000000e26342e0,0x00000000e2680000)
  to   space 14336K, 0% used [0x00000000e0a80000,0x00000000e0a80000,0x00000000e1880000)
 ParOldGen       total 73728K, used 19853K [0x0000000080000000, 0x0000000084800000, 0x00000000d5580000)
  object space 73728K, 26% used [0x0000000080000000,0x0000000081363708,0x0000000084800000)
 Metaspace       used 40980K, capacity 42970K, committed 43096K, reserved 1087488K
  class space    used 5569K, capacity 5983K, committed 6016K, reserved 1048576K
}
Event: 9.372 GC heap before
{Heap before GC invocations=13 (full 2):
 PSYoungGen      total 187904K, used 187600K [0x00000000d5580000, 0x00000000e2680000, 0x0000000100000000)
  eden space 175104K, 100% used [0x00000000d5580000,0x00000000e0080000,0x00000000e0080000)
  from space 12800K, 97% used [0x00000000e1a00000,0x00000000e26342e0,0x00000000e2680000)
  to   space 14336K, 0% used [0x00000000e0a80000,0x00000000e0a80000,0x00000000e1880000)
 ParOldGen       total 73728K, used 19853K [0x0000000080000000, 0x0000000084800000, 0x00000000d5580000)
  object space 73728K, 26% used [0x0000000080000000,0x0000000081363708,0x0000000084800000)
 Metaspace       used 55276K, capacity 57660K, committed 57944K, reserved 1099776K
  class space    used 7313K, capacity 7799K, committed 7808K, reserved 1048576K

